<?xml version="1.0" encoding="UTF-8"?>
<!-- Generated by org.testng.reporters.JUnitXMLReporter -->
<testsuite hostname="DESKTOP-G2JPIB3" ignored="2" name="Test" tests="4" failures="2" timestamp="30 Mar 2022 22:13:49 GMT" time="16.707" errors="0">
  <testcase name="@AfterMethod tearDown" time="0.43" classname="com.acti.tests.BaseTest">
    <failure type="java.lang.NullPointerException">
      <![CDATA[java.lang.NullPointerException
at com.acti.tests.BaseTest.tearDown(BaseTest.java:53)
... Removed 28 stack frames]]>
    </failure>
  </testcase> <!-- @AfterMethod tearDown -->
  <testcase name="@BeforeMethod setUp" time="0.0" classname="com.acti.tests.BaseTest">
    <skipped/>
  </testcase> <!-- @BeforeMethod setUp -->
  <testcase name="@AfterMethod tearDown" time="0.0" classname="com.acti.tests.BaseTest">
    <skipped/>
  </testcase> <!-- @AfterMethod tearDown -->
  <testcase name="@AfterMethod tearDown" time="0.511" classname="com.acti.tests.BaseTest">
    <failure type="java.lang.NullPointerException">
      <![CDATA[java.lang.NullPointerException
at com.acti.tests.BaseTest.tearDown(BaseTest.java:53)
... Removed 28 stack frames]]>
    </failure>
  </testcase> <!-- @AfterMethod tearDown -->
  <testcase name="@BeforeMethod setUp" time="0.0" classname="com.acti.tests.BaseTest">
    <skipped/>
  </testcase> <!-- @BeforeMethod setUp -->
  <testcase name="@AfterMethod tearDown" time="0.0" classname="com.acti.tests.BaseTest">
    <skipped/>
  </testcase> <!-- @AfterMethod tearDown -->
  <testcase name="testLogin" time="0.01" classname="com.acti.tests.LoginTests">
    <failure type="java.lang.NullPointerException">
      <![CDATA[java.lang.NullPointerException
at com.acti.tests.LoginTests.testLogin(LoginTests.java:12)
... Removed 25 stack frames]]>
    </failure>
  </testcase> <!-- testLogin -->
  <testcase name="testLogin" time="0.0" classname="com.acti.tests.LoginTests">
    <skipped/>
  </testcase> <!-- testLogin -->
  <testcase name="testCreateCustomer" time="0.002" classname="com.acti.tests.TaskListTests">
    <failure type="java.lang.NullPointerException">
      <![CDATA[java.lang.NullPointerException
at com.acti.tests.TaskListTests.testCreateCustomer(TaskListTests.java:12)
... Removed 25 stack frames]]>
    </failure>
  </testcase> <!-- testCreateCustomer -->
  <testcase name="testDeleteCustomer" time="0.0" classname="com.acti.tests.TaskListTests">
    <skipped/>
  </testcase> <!-- testDeleteCustomer -->
  <testcase name="@BeforeSuite setReport" time="0.0" classname="com.acti.tests.BaseTest">
    <ignored/>
  </testcase> <!-- @BeforeSuite setReport -->
  <testcase name="@BeforeSuite setReport" time="0.0" classname="com.acti.tests.BaseTest">
    <ignored/>
  </testcase> <!-- @BeforeSuite setReport -->
</testsuite> <!-- Test -->
